0 info it worked if it ends with ok
1 verbose cli [ '/usr/local/Cellar/node/7.4.0/bin/node',
1 verbose cli   '/usr/local/bin/npm',
1 verbose cli   'install',
1 verbose cli   '-g',
1 verbose cli   'n' ]
2 info using npm@4.0.5
3 info using node@v7.4.0
4 silly loadCurrentTree Starting
5 silly install loadCurrentTree
6 silly install readGlobalPackageData
7 silly fetchPackageMetaData n
8 silly fetchNamedPackageData n
9 silly mapToRegistry name n
10 silly mapToRegistry using default registry
11 silly mapToRegistry registry https://registry.npmjs.org/
12 silly mapToRegistry data Result {
12 silly mapToRegistry   raw: 'n',
12 silly mapToRegistry   scope: null,
12 silly mapToRegistry   escapedName: 'n',
12 silly mapToRegistry   name: 'n',
12 silly mapToRegistry   rawSpec: '',
12 silly mapToRegistry   spec: 'latest',
12 silly mapToRegistry   type: 'tag' }
13 silly mapToRegistry uri https://registry.npmjs.org/n
14 verbose request uri https://registry.npmjs.org/n
15 verbose request no auth needed
16 info attempt registry request try #1 at 14:24:53
17 verbose request id 9573c071e21c6b3a
18 http request GET https://registry.npmjs.org/n
19 http 200 https://registry.npmjs.org/n
20 verbose headers { date: 'Fri, 21 Aug 2020 06:24:53 GMT',
20 verbose headers   'content-type': 'application/json',
20 verbose headers   'transfer-encoding': 'chunked',
20 verbose headers   connection: 'keep-alive',
20 verbose headers   'set-cookie': [ '__cfduid=df2135a2531f77278a6e3674727ae5e351597991093; expires=Sun, 20-Sep-20 06:24:53 GMT; path=/; domain=.npmjs.org; HttpOnly; SameSite=Lax' ],
20 verbose headers   'cf-ray': '5c62460e483724b2-HKG',
20 verbose headers   age: '6782',
20 verbose headers   'cache-control': 'public, max-age=300',
20 verbose headers   etag: 'W/"2fff561a11adc6a7ba2cfbd0be110762"',
20 verbose headers   'last-modified': 'Sat, 25 Jul 2020 10:04:33 GMT',
20 verbose headers   vary: 'accept-encoding, accept',
20 verbose headers   'cf-cache-status': 'HIT',
20 verbose headers   'cf-request-id': '04b14a1cea000024b26d9e6200000001',
20 verbose headers   'expect-ct': 'max-age=604800, report-uri="https://report-uri.cloudflare.com/cdn-cgi/beacon/expect-ct"',
20 verbose headers   server: 'cloudflare',
20 verbose headers   'content-encoding': 'gzip' }
21 silly get cb [ 200,
21 silly get   { date: 'Fri, 21 Aug 2020 06:24:53 GMT',
21 silly get     'content-type': 'application/json',
21 silly get     'transfer-encoding': 'chunked',
21 silly get     connection: 'keep-alive',
21 silly get     'set-cookie': [ '__cfduid=df2135a2531f77278a6e3674727ae5e351597991093; expires=Sun, 20-Sep-20 06:24:53 GMT; path=/; domain=.npmjs.org; HttpOnly; SameSite=Lax' ],
21 silly get     'cf-ray': '5c62460e483724b2-HKG',
21 silly get     age: '6782',
21 silly get     'cache-control': 'public, max-age=300',
21 silly get     etag: 'W/"2fff561a11adc6a7ba2cfbd0be110762"',
21 silly get     'last-modified': 'Sat, 25 Jul 2020 10:04:33 GMT',
21 silly get     vary: 'accept-encoding, accept',
21 silly get     'cf-cache-status': 'HIT',
21 silly get     'cf-request-id': '04b14a1cea000024b26d9e6200000001',
21 silly get     'expect-ct': 'max-age=604800, report-uri="https://report-uri.cloudflare.com/cdn-cgi/beacon/expect-ct"',
21 silly get     server: 'cloudflare',
21 silly get     'content-encoding': 'gzip' } ]
22 verbose get saving n to /Users/Winfred/.npm/registry.npmjs.org/n/.cache.json
23 verbose correctMkdir /Users/Winfred/.npm correctMkdir not in flight; initializing
24 verbose makeDirectory /Users/Winfred/.npm creation not in flight; initializing
25 silly makeDirectory /Users/Winfred/.npm uid: 502 gid: 20
26 silly install normalizeTree
27 silly loadCurrentTree Finishing
28 silly loadIdealTree Starting
29 silly install loadIdealTree
30 silly cloneCurrentTree Starting
31 silly install cloneCurrentTreeToIdealTree
32 silly cloneCurrentTree Finishing
33 silly loadShrinkwrap Starting
34 silly install loadShrinkwrap
35 silly loadShrinkwrap Finishing
36 silly loadAllDepsIntoIdealTree Starting
37 silly install loadAllDepsIntoIdealTree
38 silly resolveWithNewModule n@6.7.0 checking installable status
39 silly cache add args [ 'n', null ]
40 verbose cache add spec n
41 silly cache add parsed spec Result {
41 silly cache add   raw: 'n',
41 silly cache add   scope: null,
41 silly cache add   escapedName: 'n',
41 silly cache add   name: 'n',
41 silly cache add   rawSpec: '',
41 silly cache add   spec: 'latest',
41 silly cache add   type: 'tag' }
42 silly addNamed n@latest
43 verbose addNamed "latest" is being treated as a dist-tag for n
44 info addNameTag [ 'n', 'latest' ]
45 silly mapToRegistry name n
46 silly mapToRegistry using default registry
47 silly mapToRegistry registry https://registry.npmjs.org/
48 silly mapToRegistry data Result {
48 silly mapToRegistry   raw: 'n',
48 silly mapToRegistry   scope: null,
48 silly mapToRegistry   escapedName: 'n',
48 silly mapToRegistry   name: 'n',
48 silly mapToRegistry   rawSpec: '',
48 silly mapToRegistry   spec: 'latest',
48 silly mapToRegistry   type: 'tag' }
49 silly mapToRegistry uri https://registry.npmjs.org/n
50 verbose addNameTag registry:https://registry.npmjs.org/n not in flight; fetching
51 verbose get https://registry.npmjs.org/n not expired, no request
52 silly addNameTag next cb for n with tag latest
53 silly addNamed n@6.7.0
54 verbose addNamed "6.7.0" is a plain semver version for n
55 silly mapToRegistry name n
56 silly mapToRegistry using default registry
57 silly mapToRegistry registry https://registry.npmjs.org/
58 silly mapToRegistry data Result {
58 silly mapToRegistry   raw: 'n',
58 silly mapToRegistry   scope: null,
58 silly mapToRegistry   escapedName: 'n',
58 silly mapToRegistry   name: 'n',
58 silly mapToRegistry   rawSpec: '',
58 silly mapToRegistry   spec: 'latest',
58 silly mapToRegistry   type: 'tag' }
59 silly mapToRegistry uri https://registry.npmjs.org/n
60 verbose addRemoteTarball https://registry.npmjs.org/n/-/n-6.7.0.tgz not in flight; adding
61 verbose addRemoteTarball [ 'https://registry.npmjs.org/n/-/n-6.7.0.tgz',
61 verbose addRemoteTarball   '95b4b5d338edb6959f2f4603400fcd093c372af1' ]
62 info retry fetch attempt 1 at 14:24:53
63 info attempt registry request try #1 at 14:24:53
64 http fetch GET https://registry.npmjs.org/n/-/n-6.7.0.tgz
65 http fetch 200 https://registry.npmjs.org/n/-/n-6.7.0.tgz
66 silly fetchAndShaCheck shasum 95b4b5d338edb6959f2f4603400fcd093c372af1
67 verbose addTmpTarball /var/folders/cd/_24jjkcj63zcs3pt_1tjwhxw0000gp/T/npm-8096-8de27b0a/registry.npmjs.org/n/-/n-6.7.0.tgz not in flight; adding
68 verbose addTmpTarball already have metadata; skipping unpack for n@6.7.0
69 verbose correctMkdir /Users/Winfred/.npm correctMkdir not in flight; initializing
70 silly cache afterAdd n@6.7.0
71 verbose afterAdd /Users/Winfred/.npm/n/6.7.0/package/package.json not in flight; writing
72 verbose correctMkdir /Users/Winfred/.npm correctMkdir not in flight; initializing
73 verbose afterAdd /Users/Winfred/.npm/n/6.7.0/package/package.json written
74 silly loadAllDepsIntoIdealTree Finishing
75 silly loadIdealTree Finishing
76 silly currentTree lib
77 silly idealTree lib
77 silly idealTree └── n@6.7.0
78 silly generateActionsToTake Starting
79 silly install generateActionsToTake
80 warn checkPermissions Missing write access to /usr/local/lib/node_modules
81 silly rollbackFailedOptional Starting
82 silly rollbackFailedOptional Finishing
83 silly runTopLevelLifecycles Finishing
84 silly install printInstalled
85 verbose stack Error: EACCES: permission denied, access '/usr/local/lib/node_modules'
86 verbose cwd /Users/Winfred/Documents/__PdM/Documents/HelpGitlab/help-zh-origin-gitlab
87 error Darwin 18.0.0
88 error argv "/usr/local/Cellar/node/7.4.0/bin/node" "/usr/local/bin/npm" "install" "-g" "n"
89 error node v7.4.0
90 error npm  v4.0.5
91 error path /usr/local/lib/node_modules
92 error code EACCES
93 error errno -13
94 error syscall access
95 error Error: EACCES: permission denied, access '/usr/local/lib/node_modules'
95 error  { Error: EACCES: permission denied, access '/usr/local/lib/node_modules'
95 error   errno: -13,
95 error   code: 'EACCES',
95 error   syscall: 'access',
95 error   path: '/usr/local/lib/node_modules' }
96 error Please try running this command again as root/Administrator.
97 verbose exit [ -13, true ]
